<?xml version="1.0" encoding="UTF-8"?>
<!-- Generated by org.testng.reporters.JUnitReportReporter -->
<testsuite hostname="LAPTOP" failures="0" tests="1" name="POM_Classes.TestClassRatingFlipkart" time="3.307" errors="0" timestamp="2023-06-03T09:32:22 IST" skipped="0">
  <testcase classname="POM_Classes.TestClassRatingFlipkart" name="TestPrint" time="3.307"/>
  <system-out/>
</testsuite> <!-- POM_Classes.TestClassRatingFlipkart -->
