<?xml version="1.0" encoding="UTF-8"?>
<!-- Generated by org.testng.reporters.JUnitReportReporter -->
<testsuite hostname="LAPTOP" failures="0" tests="1" name="Runner.LoginRunner" time="0.081" errors="0" timestamp="2023-09-18T11:40:43 IST" skipped="0">
  <testcase classname="Runner.LoginRunner" name="runScenario" time="0.081"/>
  <system-out/>
</testsuite> <!-- Runner.LoginRunner -->
