<?xml version="1.0" encoding="UTF-8"?>
<!-- Generated by org.testng.reporters.JUnitReportReporter -->
<testsuite hostname="LAPTOP" failures="0" tests="4" name="OrangeHRM.TestClass2" time="59.732" errors="0" timestamp="2023-08-06T18:21:12 IST" skipped="0">
  <testcase classname="OrangeHRM.TestClass2" name="verify2" time="16.717"/>
  <system-out/>
  <testcase classname="OrangeHRM.TestClass2" name="verify1" time="11.571"/>
  <system-out/>
  <testcase classname="OrangeHRM.TestClass2" name="verify3" time="16.591"/>
  <system-out/>
  <testcase classname="OrangeHRM.TestClass2" name="verify4" time="14.853"/>
  <system-out/>
</testsuite> <!-- OrangeHRM.TestClass2 -->
