<?xml version="1.0" encoding="UTF-8"?>
<!-- Generated by org.testng.reporters.JUnitReportReporter -->
<testsuite hostname="LAPTOP" failures="0" tests="4" name="OrangeHRM.TestClass3" time="69.487" errors="0" timestamp="2023-08-12T21:44:24 IST" skipped="0">
  <testcase classname="OrangeHRM.TestClass3" name="Info2" time="5.866"/>
  <system-out/>
  <testcase classname="OrangeHRM.TestClass3" name="Info4" time="50.809"/>
  <system-out/>
  <testcase classname="OrangeHRM.TestClass3" name="Info3" time="5.737"/>
  <system-out/>
  <testcase classname="OrangeHRM.TestClass3" name="Info1" time="7.075"/>
  <system-out/>
</testsuite> <!-- OrangeHRM.TestClass3 -->
