<?xml version="1.0" encoding="UTF-8"?>
<!-- Generated by org.testng.reporters.JUnitReportReporter -->
<testsuite hostname="LAPTOP" failures="0" tests="1" name="DEMO_Applitools.TestClass" time="4.983" errors="0" timestamp="2023-08-08T12:33:28 IST" skipped="0">
  <testcase classname="DEMO_Applitools.TestClass" name="Verify" time="4.983"/>
  <system-out/>
</testsuite> <!-- DEMO_Applitools.TestClass -->
